g:\project-software\ipr_pro_ess_formal\ipr\debug\ipr.pch
g:\project-software\ipr_pro_ess_formal\ipr\debug\vc140.pdb
g:\project-software\ipr_pro_ess_formal\ipr\debug\vc140.idb
g:\project-software\ipr_pro_ess_formal\ipr\debug\stdafx.obj
g:\project-software\ipr_pro_ess_formal\ipr\debug\c_cddialog_reservoir.obj
g:\project-software\ipr_pro_ess_formal\ipr\debug\c_cdialog_fluid_property.obj
g:\project-software\ipr_pro_ess_formal\ipr\debug\c_cdialog_scale.obj
g:\project-software\ipr_pro_ess_formal\ipr\debug\c_cdialog_stage.obj
g:\project-software\ipr_pro_ess_formal\ipr\debug\c_ipr_inf_show.obj
g:\project-software\ipr_pro_ess_formal\ipr\debug\c_ipr_show.obj
g:\project-software\ipr_pro_ess_formal\ipr\debug\ipr.obj
g:\project-software\ipr_pro_ess_formal\ipr\debug\iprdoc.obj
g:\project-software\ipr_pro_ess_formal\ipr\debug\iprview.obj
g:\project-software\ipr_pro_ess_formal\ipr\debug\ipr_opt.obj
g:\project-software\ipr_pro_ess_formal\ipr\debug\mainfrm.obj
g:\project-software\ipr_pro_ess_formal\ipr\debug\prd.obj
g:\project-software\ipr_pro_ess_formal\debug\ipr.ilk
g:\project-software\ipr_pro_ess_formal\debug\ipr.exe
g:\project-software\ipr_pro_ess_formal\debug\ipr.pdb
g:\project-software\ipr_pro_ess_formal\ipr\debug\ipr.res
g:\project-software\ipr_pro_ess_formal\ipr\debug\ipr.tlog\cl.command.1.tlog
g:\project-software\ipr_pro_ess_formal\ipr\debug\ipr.tlog\cl.read.1.tlog
g:\project-software\ipr_pro_ess_formal\ipr\debug\ipr.tlog\cl.write.1.tlog
g:\project-software\ipr_pro_ess_formal\ipr\debug\ipr.tlog\link.command.1.tlog
g:\project-software\ipr_pro_ess_formal\ipr\debug\ipr.tlog\link.read.1.tlog
g:\project-software\ipr_pro_ess_formal\ipr\debug\ipr.tlog\link.write.1.tlog
g:\project-software\ipr_pro_ess_formal\ipr\debug\ipr.tlog\rc.command.1.tlog
g:\project-software\ipr_pro_ess_formal\ipr\debug\ipr.tlog\rc.read.1.tlog
g:\project-software\ipr_pro_ess_formal\ipr\debug\ipr.tlog\rc.write.1.tlog
